<?xml version="1.0" encoding="UTF-8"?>
<testsuite name="todo.ListasPuro" tests="1" skipped="0" failures="0" errors="0" timestamp="2020-11-13T02:43:19" hostname="GABSDELL" time="17.086">
  <properties/>
  <testcase name="criarListaComTresItens" classname="todo.ListasPuro" time="17.086"/>
  <system-out><![CDATA[]]></system-out>
  <system-err><![CDATA[Starting ChromeDriver 86.0.4240.22 (398b0743353ff36fb1b82468f63a3a93b4e2e89e-refs/branch-heads/4240@{#378}) on port 18275
Only local connections are allowed.
Please see https://chromedriver.chromium.org/security-considerations for suggestions on keeping ChromeDriver safe.
ChromeDriver was started successfully.
nov 12, 2020 11:43:23 PM org.openqa.selenium.remote.ProtocolHandshake createSession
INFORMAÇÕES: Detected dialect: W3C
]]></system-err>
</testsuite>
